<?xml version="1.0" encoding="UTF-8"?>
<!-- Generated by org.testng.reporters.JUnitXMLReporter -->
<testsuite ignored="0" hostname="C4HSZY2" failures="0" tests="3" name="Test" time="126.111" errors="0" timestamp="2022-03-21T16:57:55 IST">
  <testcase classname="com.org.testcase.LoginTest" name="login1" time="0.01"/>
  <testcase classname="com.org.testcase.LoginTest" name="login2" time="0.001"/>
  <testcase classname="com.org.testcase.LoginTest" name="login3" time="0.001"/>
</testsuite> <!-- Test -->
