<?xml version="1.0" encoding="UTF-8"?>
<testng-results ignored="0" total="1" passed="1" failed="0" skipped="0">
  <reporter-output>
  </reporter-output>
  <suite started-at="2022-04-07T12:31:03 IST" name="Suite" finished-at="2022-04-07T12:33:18 IST" duration-ms="134807">
    <groups>
    </groups>
    <test started-at="2022-04-07T12:31:03 IST" name="Test" finished-at="2022-04-07T12:33:18 IST" duration-ms="134807">
      <class name="com.org.testcase.LoginTest">
        <test-method is-config="true" signature="LaunchApplication(java.lang.String,java.lang.String)[pri:0, instance:com.org.testcase.LoginTest@20b5f2ac]" started-at="2022-04-07T12:31:03 IST" name="LaunchApplication" finished-at="2022-04-07T12:33:18 IST" duration-ms="134264" status="PASS">
          <params>
            <param index="0">
              <value>
                <![CDATA[https://book.bluegreenvacations.com]]>
              </value>
            </param>
            <param index="1">
              <value>
                <![CDATA[stg]]>
              </value>
            </param>
          </params>
          <reporter-output>
          </reporter-output>
        </test-method> <!-- LaunchApplication -->
        <test-method signature="login1(java.lang.Object)[pri:0, instance:com.org.testcase.LoginTest@20b5f2ac]" started-at="2022-04-07T12:33:18 IST" name="login1" data-provider="BG_TestData" finished-at="2022-04-07T12:33:18 IST" duration-ms="265" status="PASS">
          <params>
            <param index="0">
              <value>
                <![CDATA[{UserName=Stage_Multihotel26@yopmail.com, Password=Test@123}]]>
              </value>
            </param>
          </params>
          <reporter-output>
          </reporter-output>
        </test-method> <!-- login1 -->
        <test-method is-config="true" signature="TearDown()[pri:0, instance:com.org.testcase.LoginTest@20b5f2ac]" started-at="2022-04-07T12:33:18 IST" name="TearDown" finished-at="2022-04-07T12:33:18 IST" duration-ms="137" status="PASS">
          <reporter-output>
          </reporter-output>
        </test-method> <!-- TearDown -->
      </class> <!-- com.org.testcase.LoginTest -->
    </test> <!-- Test -->
  </suite> <!-- Suite -->
</testng-results>
